<?xml version="1.0" encoding="UTF-8"?>
<!-- Generated by org.testng.reporters.JUnitXMLReporter -->
<testsuite hostname="DESKTOP-UV3GUN9" ignored="0" name="Surefire test" tests="10" failures="1" timestamp="2021-09-26T19:26:34 IST" time="77.858" errors="0">
  <testcase name="@BeforeMethod load_browser" time="5.047" classname="com.mindtree.runner.TestRunner">
    <failure type="org.openqa.selenium.WebDriverException" message="unknown error: cannot determine loading status
from disconnected: unable to send message to renderer
  (Session info: chrome=94.0.4606.54)
Build info: version: &amp;apos;3.141.59&amp;apos;, revision: &amp;apos;e82be7d358&amp;apos;, time: &amp;apos;2018-11-14T08:17:03&amp;apos;
System info: host: &amp;apos;DESKTOP-UV3GUN9&amp;apos;, ip: &amp;apos;192.168.43.15&amp;apos;, os.name: &amp;apos;Windows 10&amp;apos;, os.arch: &amp;apos;amd64&amp;apos;, os.version: &amp;apos;10.0&amp;apos;, java.version: &amp;apos;1.8.0_301&amp;apos;
Driver info: org.openqa.selenium.chrome.ChromeDriver
Capabilities {acceptInsecureCerts: false, browserName: chrome, browserVersion: 94.0.4606.54, chrome: {chromedriverVersion: 94.0.4606.41 (333e85df3c9b6..., userDataDir: C:\Users\Personal\AppData\L...}, goog:chromeOptions: {debuggerAddress: localhost:49878}, javascriptEnabled: true, networkConnectionEnabled: false, pageLoadStrategy: normal, platform: WINDOWS, platformName: WINDOWS, proxy: Proxy(), setWindowRect: true, strictFileInteractability: false, timeouts: {implicit: 0, pageLoad: 300000, script: 30000}, unhandledPromptBehavior: dismiss and notify, webauthn:extension:credBlob: true, webauthn:extension:largeBlob: true, webauthn:virtualAuthenticators: true}
Session ID: bfa0d06f27f462ce7fccc49828f3c88b">
      <![CDATA[org.openqa.selenium.WebDriverException: unknown error: cannot determine loading status
from disconnected: unable to send message to renderer
  (Session info: chrome=94.0.4606.54)
Build info: version: '3.141.59', revision: 'e82be7d358', time: '2018-11-14T08:17:03'
System info: host: 'DESKTOP-UV3GUN9', ip: '192.168.43.15', os.name: 'Windows 10', os.arch: 'amd64', os.version: '10.0', java.version: '1.8.0_301'
Driver info: org.openqa.selenium.chrome.ChromeDriver
Capabilities {acceptInsecureCerts: false, browserName: chrome, browserVersion: 94.0.4606.54, chrome: {chromedriverVersion: 94.0.4606.41 (333e85df3c9b6..., userDataDir: C:\Users\Personal\AppData\L...}, goog:chromeOptions: {debuggerAddress: localhost:49878}, javascriptEnabled: true, networkConnectionEnabled: false, pageLoadStrategy: normal, platform: WINDOWS, platformName: WINDOWS, proxy: Proxy(), setWindowRect: true, strictFileInteractability: false, timeouts: {implicit: 0, pageLoad: 300000, script: 30000}, unhandledPromptBehavior: dismiss and notify, webauthn:extension:credBlob: true, webauthn:extension:largeBlob: true, webauthn:virtualAuthenticators: true}
Session ID: bfa0d06f27f462ce7fccc49828f3c88b
at org.openqa.selenium.remote.http.W3CHttpResponseCodec.createException(W3CHttpResponseCodec.java:187)
at org.openqa.selenium.remote.http.W3CHttpResponseCodec.decode(W3CHttpResponseCodec.java:122)
at org.openqa.selenium.remote.http.W3CHttpResponseCodec.decode(W3CHttpResponseCodec.java:49)
at org.openqa.selenium.remote.HttpCommandExecutor.execute(HttpCommandExecutor.java:158)
at org.openqa.selenium.remote.service.DriverCommandExecutor.execute(DriverCommandExecutor.java:83)
at org.openqa.selenium.remote.RemoteWebDriver.execute(RemoteWebDriver.java:552)
at org.openqa.selenium.remote.RemoteWebDriver.get(RemoteWebDriver.java:277)
at com.mindtree.reusablecomponents.reusablemethods.loadurl(reusablemethods.java:25)
at com.mindtree.runner.TestRunner.load_browser(TestRunner.java:31)
at java.util.ArrayList.forEach(ArrayList.java:1259)
... Removed 40 stack frames]]>
    </failure>
  </testcase> <!-- @BeforeMethod load_browser -->
  <testcase name="@AfterMethod close_browser" time="-1.632664594099E9" classname="com.mindtree.runner.TestRunner">
    <skipped/>
  </testcase> <!-- @AfterMethod close_browser -->
  <testcase name="@BeforeMethod load_browser" time="-1.632664594177E9" classname="com.mindtree.runner.TestRunner">
    <skipped/>
  </testcase> <!-- @BeforeMethod load_browser -->
  <testcase name="@AfterMethod close_browser" time="-1.632664594182E9" classname="com.mindtree.runner.TestRunner">
    <skipped/>
  </testcase> <!-- @AfterMethod close_browser -->
  <testcase name="@BeforeMethod load_browser" time="-1.632664594293E9" classname="com.mindtree.runner.TestRunner">
    <skipped/>
  </testcase> <!-- @BeforeMethod load_browser -->
  <testcase name="@AfterMethod close_browser" time="-1.632664594297E9" classname="com.mindtree.runner.TestRunner">
    <skipped/>
  </testcase> <!-- @AfterMethod close_browser -->
  <testcase name="@BeforeMethod load_browser" time="-1.632664594299E9" classname="com.mindtree.runner.TestRunner">
    <skipped/>
  </testcase> <!-- @BeforeMethod load_browser -->
  <testcase name="@AfterMethod close_browser" time="-1.632664594304E9" classname="com.mindtree.runner.TestRunner">
    <skipped/>
  </testcase> <!-- @AfterMethod close_browser -->
  <testcase name="@BeforeMethod load_browser" time="-1.632664594368E9" classname="com.mindtree.runner.TestRunner">
    <skipped/>
  </testcase> <!-- @BeforeMethod load_browser -->
  <testcase name="@AfterMethod close_browser" time="-1.632664594373E9" classname="com.mindtree.runner.TestRunner">
    <skipped/>
  </testcase> <!-- @AfterMethod close_browser -->
  <testcase name="@BeforeMethod load_browser" time="-1.632664594374E9" classname="com.mindtree.runner.TestRunner">
    <skipped/>
  </testcase> <!-- @BeforeMethod load_browser -->
  <testcase name="@AfterMethod close_browser" time="-1.632664594378E9" classname="com.mindtree.runner.TestRunner">
    <skipped/>
  </testcase> <!-- @AfterMethod close_browser -->
  <testcase name="@BeforeMethod load_browser" time="-1.632664594381E9" classname="com.mindtree.runner.TestRunner">
    <skipped/>
  </testcase> <!-- @BeforeMethod load_browser -->
  <testcase name="@AfterMethod close_browser" time="-1.632664594453E9" classname="com.mindtree.runner.TestRunner">
    <skipped/>
  </testcase> <!-- @AfterMethod close_browser -->
  <testcase name="@BeforeMethod load_browser" time="-1.63266459446E9" classname="com.mindtree.runner.TestRunner">
    <skipped/>
  </testcase> <!-- @BeforeMethod load_browser -->
  <testcase name="@AfterMethod close_browser" time="-1.632664594471E9" classname="com.mindtree.runner.TestRunner">
    <skipped/>
  </testcase> <!-- @AfterMethod close_browser -->
  <testcase name="login" time="13.806" classname="com.mindtree.runner.TestRunner"/>
  <testcase name="add_to_cart" time="10.14" classname="com.mindtree.runner.TestRunner">
    <failure type="org.openqa.selenium.NoSuchWindowException" message="no such window: target window already closed
from unknown error: web view not found
  (Session info: chrome=94.0.4606.54)
Build info: version: &amp;apos;3.141.59&amp;apos;, revision: &amp;apos;e82be7d358&amp;apos;, time: &amp;apos;2018-11-14T08:17:03&amp;apos;
System info: host: &amp;apos;DESKTOP-UV3GUN9&amp;apos;, ip: &amp;apos;192.168.43.15&amp;apos;, os.name: &amp;apos;Windows 10&amp;apos;, os.arch: &amp;apos;amd64&amp;apos;, os.version: &amp;apos;10.0&amp;apos;, java.version: &amp;apos;1.8.0_301&amp;apos;
Driver info: org.openqa.selenium.chrome.ChromeDriver
Capabilities {acceptInsecureCerts: false, browserName: chrome, browserVersion: 94.0.4606.54, chrome: {chromedriverVersion: 94.0.4606.41 (333e85df3c9b6..., userDataDir: C:\Users\Personal\AppData\L...}, goog:chromeOptions: {debuggerAddress: localhost:52498}, javascriptEnabled: true, networkConnectionEnabled: false, pageLoadStrategy: normal, platform: WINDOWS, platformName: WINDOWS, proxy: Proxy(), setWindowRect: true, strictFileInteractability: false, timeouts: {implicit: 0, pageLoad: 300000, script: 30000}, unhandledPromptBehavior: dismiss and notify, webauthn:extension:credBlob: true, webauthn:extension:largeBlob: true, webauthn:virtualAuthenticators: true}
Session ID: 9c5db7169cfa9ad0a352625336b7562d">
      <![CDATA[org.openqa.selenium.NoSuchWindowException: no such window: target window already closed
from unknown error: web view not found
  (Session info: chrome=94.0.4606.54)
Build info: version: '3.141.59', revision: 'e82be7d358', time: '2018-11-14T08:17:03'
System info: host: 'DESKTOP-UV3GUN9', ip: '192.168.43.15', os.name: 'Windows 10', os.arch: 'amd64', os.version: '10.0', java.version: '1.8.0_301'
Driver info: org.openqa.selenium.chrome.ChromeDriver
Capabilities {acceptInsecureCerts: false, browserName: chrome, browserVersion: 94.0.4606.54, chrome: {chromedriverVersion: 94.0.4606.41 (333e85df3c9b6..., userDataDir: C:\Users\Personal\AppData\L...}, goog:chromeOptions: {debuggerAddress: localhost:52498}, javascriptEnabled: true, networkConnectionEnabled: false, pageLoadStrategy: normal, platform: WINDOWS, platformName: WINDOWS, proxy: Proxy(), setWindowRect: true, strictFileInteractability: false, timeouts: {implicit: 0, pageLoad: 300000, script: 30000}, unhandledPromptBehavior: dismiss and notify, webauthn:extension:credBlob: true, webauthn:extension:largeBlob: true, webauthn:virtualAuthenticators: true}
Session ID: 9c5db7169cfa9ad0a352625336b7562d
at org.openqa.selenium.remote.http.W3CHttpResponseCodec.createException(W3CHttpResponseCodec.java:187)
at org.openqa.selenium.remote.http.W3CHttpResponseCodec.decode(W3CHttpResponseCodec.java:122)
at org.openqa.selenium.remote.http.W3CHttpResponseCodec.decode(W3CHttpResponseCodec.java:49)
at org.openqa.selenium.remote.HttpCommandExecutor.execute(HttpCommandExecutor.java:158)
at org.openqa.selenium.remote.service.DriverCommandExecutor.execute(DriverCommandExecutor.java:83)
at org.openqa.selenium.remote.RemoteWebDriver.execute(RemoteWebDriver.java:552)
at org.openqa.selenium.remote.RemoteWebDriver.execute(RemoteWebDriver.java:609)
at org.openqa.selenium.remote.RemoteWebDriver.getScreenshotAs(RemoteWebDriver.java:295)
at com.mindtree.reusablecomponents.reusabledriver.captureScreen(reusabledriver.java:43)
at com.mindtree.runner.TestRunner.add_to_cart(TestRunner.java:63)
at java.util.ArrayList.forEach(ArrayList.java:1259)
... Removed 36 stack frames]]>
    </failure>
  </testcase> <!-- add_to_cart -->
  <testcase name="offers" time="0.0" classname="com.mindtree.runner.TestRunner">
    <skipped/>
  </testcase> <!-- offers -->
  <testcase name="compare" time="0.0" classname="com.mindtree.runner.TestRunner">
    <skipped/>
  </testcase> <!-- compare -->
  <testcase name="moveto_window_homepage" time="0.0" classname="com.mindtree.runner.TestRunner">
    <skipped/>
  </testcase> <!-- moveto_window_homepage -->
  <testcase name="stores_offline_address" time="0.0" classname="com.mindtree.runner.TestRunner">
    <skipped/>
  </testcase> <!-- stores_offline_address -->
  <testcase name="payment_page" time="0.0" classname="com.mindtree.runner.TestRunner">
    <skipped/>
  </testcase> <!-- payment_page -->
  <testcase name="customer_stories" time="0.0" classname="com.mindtree.runner.TestRunner">
    <skipped/>
  </testcase> <!-- customer_stories -->
  <testcase name="subscribe" time="0.0" classname="com.mindtree.runner.TestRunner">
    <skipped/>
  </testcase> <!-- subscribe -->
  <testcase name="wishlist" time="0.0" classname="com.mindtree.runner.TestRunner">
    <skipped/>
  </testcase> <!-- wishlist -->
</testsuite> <!-- Surefire test -->
